<?xml version="1.0" encoding="UTF-8"?>
<!-- Generated by org.testng.reporters.JUnitReportReporter -->
<testsuite hostname="DESKTOP-8BLJPQ9" failures="0" tests="1" name="testcases.PUT_REQUEST_001" time="2.308" errors="0" timestamp="2022-10-04T22:24:09 IST" skipped="0">
  <testcase classname="testcases.PUT_REQUEST_001" name="put" time="2.308"/>
  <system-out/>
</testsuite> <!-- testcases.PUT_REQUEST_001 -->
