<?xml version="1.0" encoding="UTF-8"?>
<!-- Generated by org.testng.reporters.JUnitReportReporter -->
<testsuite hostname="DESKTOP-8BLJPQ9" failures="0" tests="1" name="testcases.DELETE_REQUEST_001" time="2.095" errors="0" timestamp="2022-10-04T22:40:14 IST" skipped="0">
  <testcase classname="testcases.DELETE_REQUEST_001" name="delete_request" time="2.095"/>
  <system-out/>
</testsuite> <!-- testcases.DELETE_REQUEST_001 -->
