<?xml version="1.0" encoding="UTF-8"?>
<!-- Generated by org.testng.reporters.JUnitReportReporter -->
<testsuite hostname="DESKTOP-8BLJPQ9" failures="0" tests="1" name="stepdefinitions.GET_REQUEST_001" time="2.646" errors="0" timestamp="2022-10-02T23:39:36 IST" skipped="0">
  <testcase classname="stepdefinitions.GET_REQUEST_001" name="get_user_details" time="2.646"/>
  <system-out/>
</testsuite> <!-- stepdefinitions.GET_REQUEST_001 -->
