<?xml version="1.0" encoding="UTF-8"?>
<!-- Generated by org.testng.reporters.JUnitReportReporter -->
<testsuite hostname="DESKTOP-8BLJPQ9" failures="0" tests="1" name="restassured_tests.GET_REQUEST_001" time="2.637" errors="0" timestamp="2022-10-02T22:50:11 IST" skipped="0">
  <testcase classname="restassured_tests.GET_REQUEST_001" name="get_user_details" time="2.637"/>
  <system-out/>
</testsuite> <!-- restassured_tests.GET_REQUEST_001 -->
