<?xml version="1.0" encoding="UTF-8"?>
<!-- Generated by org.testng.reporters.JUnitReportReporter -->
<testsuite hostname="DESKTOP-8BLJPQ9" failures="0" tests="1" name="stepdefinitions.POST_REQUEST_001" time="2.356" errors="0" timestamp="2022-10-04T20:12:43 IST" skipped="0">
  <testcase classname="stepdefinitions.POST_REQUEST_001" name="post_request" time="2.356"/>
  <system-out/>
</testsuite> <!-- stepdefinitions.POST_REQUEST_001 -->
